<?xml version="1.0" encoding="UTF-8"?>
<!-- Generated by org.testng.reporters.JUnitReportReporter -->
<testsuite skipped="0" hostname="DESKTOP-S2RK17E" name="test.LoginTest" tests="1" failures="0" timestamp="2022-06-26T12:48:43 CDT" time="7.616" errors="0">
  <testcase name="validUserShouldBeAbleToLogin" time="7.616" classname="test.LoginTest"/>
  <system-out/>
</testsuite> <!-- test.LoginTest -->
